<?xml version="1.0" encoding="UTF-8"?>
<testng-results skipped="0" failed="0" total="1" passed="1">
  <reporter-output>
  </reporter-output>
  <suite name="whitehole" duration-ms="14393" started-at="2018-07-10T07:17:12Z" finished-at="2018-07-10T07:17:26Z">
    <groups>
    </groups>
    <test name="登录页面测试" duration-ms="14393" started-at="2018-07-10T07:17:12Z" finished-at="2018-07-10T07:17:26Z">
      <class name="com.zhuhaibing.baoko.testcase.LoginTest">
        <test-method status="PASS" signature="loginTest(java.lang.String, java.lang.String)[pri:0, instance:com.zhuhaibing.baoko.testcase.LoginTest@5b275dab]" name="loginTest" is-config="true" duration-ms="8676" started-at="2018-07-10T15:17:12Z" finished-at="2018-07-10T15:17:20Z">
          <params>
            <param index="0">
              <value>
                <![CDATA[chrome]]>
              </value>
            </param>
            <param index="1">
              <value>
                <![CDATA[https://bd.baoko.cn/login]]>
              </value>
            </param>
          </params>
          <reporter-output>
          </reporter-output>
        </test-method> <!-- loginTest -->
        <test-method status="PASS" signature="test(java.lang.String, java.lang.String, java.lang.String)[pri:0, instance:com.zhuhaibing.baoko.testcase.LoginTest@5b275dab]" name="test" duration-ms="5576" started-at="2018-07-10T15:17:21Z" data-provider="datas" finished-at="2018-07-10T15:17:26Z">
          <params>
            <param index="0">
              <value>
                <![CDATA[13662236074]]>
              </value>
            </param>
            <param index="1">
              <value>
                <![CDATA[123456]]>
              </value>
            </param>
            <param index="2">
              <value>
                <![CDATA[用户名或者密码错误]]>
              </value>
            </param>
          </params>
          <reporter-output>
          </reporter-output>
        </test-method> <!-- test -->
      </class> <!-- com.zhuhaibing.baoko.testcase.LoginTest -->
    </test> <!-- 登录页面测试 -->
  </suite> <!-- whitehole -->
</testng-results>
